
================================================================
======== FXServer starting - 8/27/2020, 6:13:55 AM
================================================================
Creating script environments for _cfx_internal
Found new resource dmc12cp in /home/dom/FXServer/server-data/resources//dmc12cp
Found new resource textures-replace in /home/dom/FXServer/server-data/resources//textures-replace
Found new resource monitor in /home/dom/FXServer/server/alpine/opt/cfx-server/citizen//system_resources//monitor
Found new resource webadmin in /home/dom/FXServer/server/alpine/opt/cfx-server/citizen//system_resources//webadmin
Found new resource basic-gamemode in /home/dom/FXServer/server-data/resources//[gamemodes]/basic-gamemode
Found new resource chat in /home/dom/FXServer/server-data/resources//[gameplay]/chat
Found new resource chat-theme-gtao in /home/dom/FXServer/server-data/resources//[gameplay]/chat-theme-gtao
Found new resource playernames in /home/dom/FXServer/server-data/resources//[gameplay]/playernames
Found new resource mapmanager in /home/dom/FXServer/server-data/resources//[managers]/mapmanager
Found new resource spawnmanager in /home/dom/FXServer/server-data/resources//[managers]/spawnmanager
Found new resource baseevents in /home/dom/FXServer/server-data/resources//[system]/baseevents
Found new resource hardcap in /home/dom/FXServer/server-data/resources//[system]/hardcap
Found new resource rconlog in /home/dom/FXServer/server-data/resources//[system]/rconlog
Found new resource runcode in /home/dom/FXServer/server-data/resources//[system]/runcode
Found new resource scoreboard in /home/dom/FXServer/server-data/resources//[system]/scoreboard
Found new resource sessionmanager in /home/dom/FXServer/server-data/resources//[system]/sessionmanager
Found new resource sessionmanager-rdr3 in /home/dom/FXServer/server-data/resources//[system]/sessionmanager-rdr3
Found new resource example-loadscreen in /home/dom/FXServer/server-data/resources//[test]/example-loadscreen
Found new resource fivem in /home/dom/FXServer/server-data/resources//[test]/fivem
Found new resource fivem-map-hipster in /home/dom/FXServer/server-data/resources//[gamemodes]/[maps]/fivem-map-hipster
Found new resource fivem-map-skater in /home/dom/FXServer/server-data/resources//[gamemodes]/[maps]/fivem-map-skater
Found new resource redm-map-one in /home/dom/FXServer/server-data/resources//[gamemodes]/[maps]/redm-map-one
Found new resource webpack in /home/dom/FXServer/server-data/resources//[system]/[builders]/webpack
Found new resource yarn in /home/dom/FXServer/server-data/resources//[system]/[builders]/yarn
Creating script environments for sessionmanager
Started resource sessionmanager
Creating script environments for webadmin
Instantiated instance of script FxWebAdmin.BaseServer.
Instantiated instance of script FxWebAdmin.HttpServer+HttpServerScript.
Started resource webadmin
Creating script environments for monitor
[txAdminClientLUA] Version 2.4.0 starting...
[txAdminClientJS] Logger started
Started resource monitor
Creating script environments for mapmanager
Started resource mapmanager
Creating script environments for chat
Started resource chat
Started resource spawnmanager
Started gametype Freeroam
Started resource basic-gamemode
Started resource fivem
Creating script environments for rconlog
Started resource rconlog
Started resource scoreboard
Started resource dmc12cp
Couldn't find resource texture-replace.
Argument count mismatch (passed 3, wanted 1)
Authenticating server license key...
Server license key authentication succeeded. Welcome!
Sending heartbeat to https://servers-ingress-live.fivem.net/ingress
[txAdminClientLUA] Threads and commands set up. All Ready.
Started map fivem-map-skater
Started resource fivem-map-skater
Authenticating with Nucleus...
server thread hitch warning: timer interval of 2648 milliseconds
        fff                          
  cccc ff   xx  xx     rr rr    eee  
cc     ffff   xx       rrr  r ee   e 
cc     ff     xx   ... rr     eeeee  
 ccccc ff   xx  xx ... rr      eeeee 
                                     
Authenticated with cfx.re Nucleus: https://dom-external-l4r3ev.users.cfx.re/
Sending heartbeat to https://servers-ingress-live.fivem.net/ingress
Sending heartbeat to https://servers-ingress-live.fivem.net/ingress
Sending heartbeat to https://servers-ingress-live.fivem.net/ingress
Sending heartbeat to https://servers-ingress-live.fivem.net/ingress
Sending heartbeat to https://servers-ingress-live.fivem.net/ingress
Sending heartbeat to https://servers-ingress-live.fivem.net/ingress
Sending heartbeat to https://servers-ingress-live.fivem.net/ingress
Sending heartbeat to https://servers-ingress-live.fivem.net/ingress
Sending heartbeat to https://servers-ingress-live.fivem.net/ingress
Sending heartbeat to https://servers-ingress-live.fivem.net/ingress
